<?xml version="1.0" encoding="UTF-8"?>
<!-- Generated by org.testng.reporters.JUnitXMLReporter -->
<testsuite ignored="0" hostname="LAPTOP-40D4M6FM" failures="0" tests="2" name="Login test" time="24.702" errors="0" timestamp="2020-02-02T22:28:58 IST">
  <testcase classname="com.ka.testCases.testCaseLogin" name="TestCaseLogin" time="23.749"/>
  <testcase classname="com.ka.testCases.testCaseLogin" name="TestCaseLogin" time="0.002">
    <skipped/>
  </testcase> <!-- TestCaseLogin -->
</testsuite> <!-- Login test -->
