<?xml version="1.0" encoding="UTF-8"?>
<!-- Generated by org.testng.reporters.JUnitXMLReporter -->
<testsuite ignored="0" hostname="LAPTOP-40D4M6FM" failures="0" tests="2" name="Search Flight Test" time="23.346" errors="0" timestamp="2020-02-02T22:29:21 IST">
  <testcase classname="com.ka.testCases.flightSearchTest" name="FlightSearchTest" time="0.001">
    <skipped/>
  </testcase> <!-- FlightSearchTest -->
  <testcase classname="com.ka.testCases.flightSearchTest" name="FlightSearchTest" time="22.498"/>
</testsuite> <!-- Search Flight Test -->
