<?xml version="1.0" encoding="UTF-8"?>
<!-- Generated by org.testng.reporters.JUnitXMLReporter -->
<testsuite ignored="0" hostname="LAPTOP-40D4M6FM" failures="0" tests="2" name="Search Flight Test" time="50.338" errors="0" timestamp="2020-02-02T22:59:17 IST">
  <testcase classname="com.ka.testCases.flightSearchTest" name="FlightSearchTest" time="0.003">
    <skipped/>
  </testcase> <!-- FlightSearchTest -->
  <testcase classname="com.ka.testCases.flightSearchTest" name="FlightSearchTest" time="49.542"/>
</testsuite> <!-- Search Flight Test -->
